c:\users\adis.sertovic\source\repos\vjezbazaispit\project1\x64\debug\vc142.pdb
c:\users\adis.sertovic\source\repos\vjezbazaispit\project1\x64\debug\vc142.idb
c:\users\adis.sertovic\source\repos\vjezbazaispit\project1\x64\debug\zadatak6.obj
c:\users\adis.sertovic\source\repos\vjezbazaispit\project1\x64\debug\zadatak4-ispit01302021.obj
c:\users\adis.sertovic\source\repos\vjezbazaispit\project1\x64\debug\zadatak2.obj
c:\users\adis.sertovic\source\repos\vjezbazaispit\project1\x64\debug\zadatak2-ispit01302021.obj
c:\users\adis.sertovic\source\repos\vjezbazaispit\project1\x64\debug\zadatak3-ispit01302021.obj
c:\users\adis.sertovic\source\repos\vjezbazaispit\project1\x64\debug\vjezba5.obj
c:\users\adis.sertovic\source\repos\vjezbazaispit\project1\x64\debug\source.obj
c:\users\adis.sertovic\source\repos\vjezbazaispit\project1\x64\debug\digitron.obj
c:\users\adis.sertovic\source\repos\vjezbazaispit\project1\x64\debug\z1.obj
c:\users\adis.sertovic\source\repos\vjezbazaispit\project1\x64\debug\zad2.obj
c:\users\adis.sertovic\source\repos\vjezbazaispit\project1\x64\debug\source1.obj
c:\users\adis.sertovic\source\repos\vjezbazaispit\project1\x64\debug\source2.obj
c:\users\adis.sertovic\source\repos\vjezbazaispit\project1\x64\debug\source3.obj
c:\users\adis.sertovic\source\repos\vjezbazaispit\project1\x64\debug\sahovskatabla.obj
c:\users\adis.sertovic\source\repos\vjezbazaispit\project1\x64\debug\klubovi.obj
c:\users\adis.sertovic\source\repos\vjezbazaispit\project1\x64\debug\dowhile.obj
c:\users\adis.sertovic\source\repos\vjezbazaispit\x64\debug\project1.exe
c:\users\adis.sertovic\source\repos\vjezbazaispit\x64\debug\project1.ilk
c:\users\adis.sertovic\source\repos\vjezbazaispit\x64\debug\project1.pdb
c:\users\adis.sertovic\source\repos\vjezbazaispit\project1\x64\debug\project1.res
c:\users\adis.sertovic\source\repos\vjezbazaispit\project1\x64\debug\project1.tlog\cl.command.1.tlog
c:\users\adis.sertovic\source\repos\vjezbazaispit\project1\x64\debug\project1.tlog\cl.read.1.tlog
c:\users\adis.sertovic\source\repos\vjezbazaispit\project1\x64\debug\project1.tlog\cl.write.1.tlog
c:\users\adis.sertovic\source\repos\vjezbazaispit\project1\x64\debug\project1.tlog\link.command.1.tlog
c:\users\adis.sertovic\source\repos\vjezbazaispit\project1\x64\debug\project1.tlog\link.read.1.tlog
c:\users\adis.sertovic\source\repos\vjezbazaispit\project1\x64\debug\project1.tlog\link.write.1.tlog
c:\users\adis.sertovic\source\repos\vjezbazaispit\project1\x64\debug\project1.tlog\rc.command.1.tlog
c:\users\adis.sertovic\source\repos\vjezbazaispit\project1\x64\debug\project1.tlog\rc.read.1.tlog
c:\users\adis.sertovic\source\repos\vjezbazaispit\project1\x64\debug\project1.tlog\rc.write.1.tlog
